[debug] [2021-03-02T00:57:20.067Z] ----------------------------------------------------------------------
[debug] [2021-03-02T00:57:20.071Z] Command:       /usr/local/bin/node /usr/local/bin/firebase init
[debug] [2021-03-02T00:57:20.072Z] CLI Version:   9.3.0
[debug] [2021-03-02T00:57:20.072Z] Platform:      darwin
[debug] [2021-03-02T00:57:20.072Z] Node Version:  v14.15.1
[debug] [2021-03-02T00:57:20.074Z] Time:          Tue Mar 02 2021 01:57:20 GMT+0100 (Central European Standard Time)
[debug] [2021-03-02T00:57:20.074Z] ----------------------------------------------------------------------
[debug] [2021-03-02T00:57:20.074Z] 
[debug] [2021-03-02T00:57:20.079Z] >>> [apiv2][query] GET https://firebase-public.firebaseio.com/cli.json [none]
[debug] [2021-03-02T00:57:20.121Z] > command requires scopes: ["email","openid","https://www.googleapis.com/auth/cloudplatformprojects.readonly","https://www.googleapis.com/auth/firebase","https://www.googleapis.com/auth/cloud-platform"]
[debug] [2021-03-02T00:57:20.122Z] > authorizing via signed-in user
[info] 
     ######## #### ########  ######## ########     ###     ######  ########
     ##        ##  ##     ## ##       ##     ##  ##   ##  ##       ##
     ######    ##  ########  ######   ########  #########  ######  ######
     ##        ##  ##    ##  ##       ##     ## ##     ##       ## ##
     ##       #### ##     ## ######## ########  ##     ##  ######  ########

You're about to initialize a Firebase project in this directory:

  /Users/sohelsamimi/survey

[debug] [2021-03-02T00:57:20.998Z] <<< [apiv2][status] GET https://firebase-public.firebaseio.com/cli.json 200
[debug] [2021-03-02T00:57:20.999Z] <<< [apiv2][body] GET https://firebase-public.firebaseio.com/cli.json {"cloudBuildErrorAfter":1594252800000,"cloudBuildWarnAfter":1590019200000,"defaultNode10After":1594252800000,"minVersion":"3.0.5","node8DeploysDisabledAfter":1613390400000,"node8RuntimeDisabledAfter":1615809600000,"node8WarnAfter":1600128000000}
